<?xml version="1.0" encoding="UTF-8"?>
<testng-results skipped="0" failed="2" ignored="1" total="10" passed="7">
  <reporter-output>
  </reporter-output>
  <suite name="Suite" duration-ms="589799" started-at="2020-08-26T00:46:57 IST" finished-at="2020-08-26T00:56:47 IST">
    <groups>
    </groups>
    <test name="Test1" duration-ms="589799" started-at="2020-08-26T00:46:57 IST" finished-at="2020-08-26T00:56:47 IST">
      <class name="scripts.WPNEngagementTest">
        <test-method status="PASS" signature="setUp(java.lang.String)[pri:0, instance:scripts.WPNEngagementTest@1e4a7dd4]" name="setUp" is-config="true" duration-ms="79627" started-at="2020-08-26T00:47:01 IST" finished-at="2020-08-26T00:48:21 IST">
          <params>
            <param index="0">
              <value>
                <![CDATA[chrome]]>
              </value>
            </param>
          </params>
          <reporter-output>
          </reporter-output>
        </test-method> <!-- setUp -->
        <test-method status="PASS" signature="instances(java.lang.String)[pri:0, instance:scripts.WPNEngagementTest@1e4a7dd4]" name="instances" is-config="true" duration-ms="78865" started-at="2020-08-26T00:48:21 IST" finished-at="2020-08-26T00:49:40 IST">
          <params>
            <param index="0">
              <value>
                <![CDATA[chrome]]>
              </value>
            </param>
          </params>
          <reporter-output>
          </reporter-output>
        </test-method> <!-- instances -->
        <test-method status="PASS" signature="invalidWPNEngagement(java.lang.String, java.lang.String, java.lang.String, java.lang.String, java.lang.String, java.lang.String, java.lang.String, java.lang.String, java.lang.String, java.lang.String, java.lang.String, java.lang.String, java.lang.String)[pri:0, instance:scripts.WPNEngagementTest@1e4a7dd4]" name="invalidWPNEngagement" duration-ms="68740" started-at="2020-08-26T00:50:35 IST" data-provider="getData" finished-at="2020-08-26T00:51:43 IST">
          <params>
            <param index="0">
              <value>
                <![CDATA[engagement3]]>
              </value>
            </param>
            <param index="1">
              <value>
                <![CDATA[<input onselect=alert(1) value="XSS" autofocus>]]>
              </value>
            </param>
            <param index="2">
              <value>
                <![CDATA[<input onselect=alert(1) value="XSS" autofocus>]]>
              </value>
            </param>
            <param index="3">
              <value>
                <![CDATA[https://www.google.com]]>
              </value>
            </param>
            <param index="4">
              <value>
                <![CDATA[Personal Loan]]>
              </value>
            </param>
            <param index="5">
              <value>
                <![CDATA[<input onselect=alert(1) value="XSS" autofocus>]]>
              </value>
            </param>
            <param index="6">
              <value>
                <![CDATA[https://www.google.com]]>
              </value>
            </param>
            <param index="7">
              <value>
                <![CDATA[<input onselect=alert(1) value="XSS" autofocus>]]>
              </value>
            </param>
            <param index="8">
              <value>
                <![CDATA[<input onselect=alert(1) value="XSS" autofocus>]]>
              </value>
            </param>
            <param index="9">
              <value>
                <![CDATA[https://www.google.com]]>
              </value>
            </param>
            <param index="10">
              <value>
                <![CDATA[On Trigger]]>
              </value>
            </param>
            <param index="11">
              <value>
                <![CDATA[Immediately]]>
              </value>
            </param>
            <param index="12">
              <value>
                <![CDATA[Insecure content detected. Please verify and try again.]]>
              </value>
            </param>
          </params>
          <reporter-output>
          </reporter-output>
        </test-method> <!-- invalidWPNEngagement -->
        <test-method status="PASS" signature="invalidWPNEngagement(java.lang.String, java.lang.String, java.lang.String, java.lang.String, java.lang.String, java.lang.String, java.lang.String, java.lang.String, java.lang.String, java.lang.String, java.lang.String, java.lang.String, java.lang.String)[pri:0, instance:scripts.WPNEngagementTest@1e4a7dd4]" name="invalidWPNEngagement" duration-ms="50828" started-at="2020-08-26T00:51:44 IST" data-provider="getData" finished-at="2020-08-26T00:52:35 IST">
          <params>
            <param index="0">
              <value>
                <![CDATA[engagement4]]>
              </value>
            </param>
            <param index="1">
              <value>
                <![CDATA[<audio autoplay controls onseeking=alert(1)><source src="validaudio.wav" type="audio/wav"></audio>]]>
              </value>
            </param>
            <param index="2">
              <value>
                <![CDATA[<audio autoplay controls onseeking=alert(1)><source src="validaudio.wav" type="audio/wav"></audio>]]>
              </value>
            </param>
            <param index="3">
              <value>
                <![CDATA[https://www.google.com]]>
              </value>
            </param>
            <param index="4">
              <value>
                <![CDATA[Personal Loan]]>
              </value>
            </param>
            <param index="5">
              <value>
                <![CDATA[<audio autoplay controls onseeking=alert(1)><source src="validaudio.wav" type="audio/wav"></audio>]]>
              </value>
            </param>
            <param index="6">
              <value>
                <![CDATA[https://www.google.com]]>
              </value>
            </param>
            <param index="7">
              <value>
                <![CDATA[<audio autoplay controls onseeking=alert(1)><source src="validaudio.wav" type="audio/wav"></audio>]]>
              </value>
            </param>
            <param index="8">
              <value>
                <![CDATA[<audio autoplay controls onseeking=alert(1)><source src="validaudio.wav" type="audio/wav"></audio>]]>
              </value>
            </param>
            <param index="9">
              <value>
                <![CDATA[https://www.google.com]]>
              </value>
            </param>
            <param index="10">
              <value>
                <![CDATA[On Trigger]]>
              </value>
            </param>
            <param index="11">
              <value>
                <![CDATA[Immediately]]>
              </value>
            </param>
            <param index="12">
              <value>
                <![CDATA[Insecure content detected. Please verify and try again.]]>
              </value>
            </param>
          </params>
          <reporter-output>
          </reporter-output>
        </test-method> <!-- invalidWPNEngagement -->
        <test-method status="FAIL" signature="invalidWPNEngagement(java.lang.String, java.lang.String, java.lang.String, java.lang.String, java.lang.String, java.lang.String, java.lang.String, java.lang.String, java.lang.String, java.lang.String, java.lang.String, java.lang.String, java.lang.String)[pri:0, instance:scripts.WPNEngagementTest@1e4a7dd4]" name="invalidWPNEngagement" duration-ms="41380" started-at="2020-08-26T00:52:35 IST" data-provider="getData" finished-at="2020-08-26T00:53:17 IST">
          <params>
            <param index="0">
              <value>
                <![CDATA[engagement5]]>
              </value>
            </param>
            <param index="1">
              <value>
                <![CDATA[<script>'alert\x281\x29'instanceof{[Symbol.hasInstance]:eval}</script>]]>
              </value>
            </param>
            <param index="2">
              <value>
                <![CDATA[<script>'alert\x281\x29'instanceof{[Symbol.hasInstance]:eval}</script>]]>
              </value>
            </param>
            <param index="3">
              <value>
                <![CDATA[https://www.google.com]]>
              </value>
            </param>
            <param index="4">
              <value>
                <![CDATA[Personal Loan]]>
              </value>
            </param>
            <param index="5">
              <value>
                <![CDATA[<script>'alert\x281\x29'instanceof{[Symbol.hasInstance]:eval}</script>]]>
              </value>
            </param>
            <param index="6">
              <value>
                <![CDATA[https://www.google.com]]>
              </value>
            </param>
            <param index="7">
              <value>
                <![CDATA[<script>'alert\x281\x29'instanceof{[Symbol.hasInstance]:eval}</script>]]>
              </value>
            </param>
            <param index="8">
              <value>
                <![CDATA[<script>'alert\x281\x29'instanceof{[Symbol.hasInstance]:eval}</script>]]>
              </value>
            </param>
            <param index="9">
              <value>
                <![CDATA[https://www.google.com]]>
              </value>
            </param>
            <param index="10">
              <value>
                <![CDATA[On Trigger]]>
              </value>
            </param>
            <param index="11">
              <value>
                <![CDATA[Immediately]]>
              </value>
            </param>
            <param index="12">
              <value>
                <![CDATA[Insecure content detected. Please verify and try again.]]>
              </value>
            </param>
          </params>
          <exception class="java.lang.NullPointerException">
            <full-stacktrace>
              <![CDATA[java.lang.NullPointerException
at scripts.BaseTest.captureScreen(BaseTest.java:135)
at scripts.WPNEngagementTest.verification(WPNEngagementTest.java:244)
at scripts.WPNEngagementTest.invalidWPNEngagement(WPNEngagementTest.java:138)
at sun.reflect.NativeMethodAccessorImpl.invoke0(Native Method)
at sun.reflect.NativeMethodAccessorImpl.invoke(NativeMethodAccessorImpl.java:62)
at sun.reflect.DelegatingMethodAccessorImpl.invoke(DelegatingMethodAccessorImpl.java:43)
at java.lang.reflect.Method.invoke(Method.java:498)
at org.testng.internal.MethodInvocationHelper.invokeMethod(MethodInvocationHelper.java:133)
at org.testng.internal.TestInvoker.invokeMethod(TestInvoker.java:584)
at org.testng.internal.TestInvoker.invokeTestMethod(TestInvoker.java:172)
at org.testng.internal.MethodRunner.runInSequence(MethodRunner.java:46)
at org.testng.internal.TestInvoker$MethodInvocationAgent.invoke(TestInvoker.java:804)
at org.testng.internal.TestInvoker.invokeTestMethods(TestInvoker.java:145)
at org.testng.internal.TestMethodWorker.invokeTestMethods(TestMethodWorker.java:146)
at org.testng.internal.TestMethodWorker.run(TestMethodWorker.java:128)
at java.util.ArrayList.forEach(ArrayList.java:1257)
at org.testng.TestRunner.privateRun(TestRunner.java:770)
at org.testng.TestRunner.run(TestRunner.java:591)
at org.testng.SuiteRunner.runTest(SuiteRunner.java:402)
at org.testng.SuiteRunner.runSequentially(SuiteRunner.java:396)
at org.testng.SuiteRunner.privateRun(SuiteRunner.java:355)
at org.testng.SuiteRunner.run(SuiteRunner.java:304)
at org.testng.SuiteRunnerWorker.runSuite(SuiteRunnerWorker.java:53)
at org.testng.SuiteRunnerWorker.run(SuiteRunnerWorker.java:96)
at org.testng.TestNG.runSuitesSequentially(TestNG.java:1180)
at org.testng.TestNG.runSuitesLocally(TestNG.java:1102)
at org.testng.TestNG.runSuites(TestNG.java:1032)
at org.testng.TestNG.run(TestNG.java:1000)
at org.testng.remote.AbstractRemoteTestNG.run(AbstractRemoteTestNG.java:115)
at org.testng.remote.RemoteTestNG.initAndRun(RemoteTestNG.java:251)
at org.testng.remote.RemoteTestNG.main(RemoteTestNG.java:77)
]]>
            </full-stacktrace>
          </exception> <!-- java.lang.NullPointerException -->
          <reporter-output>
          </reporter-output>
        </test-method> <!-- invalidWPNEngagement -->
        <test-method status="FAIL" signature="invalidWPNEngagement(java.lang.String, java.lang.String, java.lang.String, java.lang.String, java.lang.String, java.lang.String, java.lang.String, java.lang.String, java.lang.String, java.lang.String, java.lang.String, java.lang.String, java.lang.String)[pri:0, instance:scripts.WPNEngagementTest@1e4a7dd4]" name="invalidWPNEngagement" duration-ms="36329" started-at="2020-08-26T00:53:22 IST" data-provider="getData" finished-at="2020-08-26T00:53:58 IST">
          <params>
            <param index="0">
              <value>
                <![CDATA[engagement6]]>
              </value>
            </param>
            <param index="1">
              <value>
                <![CDATA[<script>location='javascript:alert\x281\x29'</script>]]>
              </value>
            </param>
            <param index="2">
              <value>
                <![CDATA[<script>location='javascript:alert\x281\x29'</script>]]>
              </value>
            </param>
            <param index="3">
              <value>
                <![CDATA[https://www.google.com]]>
              </value>
            </param>
            <param index="4">
              <value>
                <![CDATA[Personal Loan]]>
              </value>
            </param>
            <param index="5">
              <value>
                <![CDATA[<script>location='javascript:alert\x281\x29'</script>]]>
              </value>
            </param>
            <param index="6">
              <value>
                <![CDATA[https://www.google.com]]>
              </value>
            </param>
            <param index="7">
              <value>
                <![CDATA[<script>location='javascript:alert\x281\x29'</script>]]>
              </value>
            </param>
            <param index="8">
              <value>
                <![CDATA[<script>location='javascript:alert\x281\x29'</script>]]>
              </value>
            </param>
            <param index="9">
              <value>
                <![CDATA[https://www.google.com]]>
              </value>
            </param>
            <param index="10">
              <value>
                <![CDATA[On Trigger]]>
              </value>
            </param>
            <param index="11">
              <value>
                <![CDATA[Immediately]]>
              </value>
            </param>
            <param index="12">
              <value>
                <![CDATA[Insecure content detected. Please verify and try again.]]>
              </value>
            </param>
          </params>
          <exception class="java.lang.NullPointerException">
            <full-stacktrace>
              <![CDATA[java.lang.NullPointerException
at scripts.BaseTest.captureScreen(BaseTest.java:135)
at scripts.WPNEngagementTest.verification(WPNEngagementTest.java:244)
at scripts.WPNEngagementTest.invalidWPNEngagement(WPNEngagementTest.java:138)
at sun.reflect.NativeMethodAccessorImpl.invoke0(Native Method)
at sun.reflect.NativeMethodAccessorImpl.invoke(NativeMethodAccessorImpl.java:62)
at sun.reflect.DelegatingMethodAccessorImpl.invoke(DelegatingMethodAccessorImpl.java:43)
at java.lang.reflect.Method.invoke(Method.java:498)
at org.testng.internal.MethodInvocationHelper.invokeMethod(MethodInvocationHelper.java:133)
at org.testng.internal.TestInvoker.invokeMethod(TestInvoker.java:584)
at org.testng.internal.TestInvoker.invokeTestMethod(TestInvoker.java:172)
at org.testng.internal.MethodRunner.runInSequence(MethodRunner.java:46)
at org.testng.internal.TestInvoker$MethodInvocationAgent.invoke(TestInvoker.java:804)
at org.testng.internal.TestInvoker.invokeTestMethods(TestInvoker.java:145)
at org.testng.internal.TestMethodWorker.invokeTestMethods(TestMethodWorker.java:146)
at org.testng.internal.TestMethodWorker.run(TestMethodWorker.java:128)
at java.util.ArrayList.forEach(ArrayList.java:1257)
at org.testng.TestRunner.privateRun(TestRunner.java:770)
at org.testng.TestRunner.run(TestRunner.java:591)
at org.testng.SuiteRunner.runTest(SuiteRunner.java:402)
at org.testng.SuiteRunner.runSequentially(SuiteRunner.java:396)
at org.testng.SuiteRunner.privateRun(SuiteRunner.java:355)
at org.testng.SuiteRunner.run(SuiteRunner.java:304)
at org.testng.SuiteRunnerWorker.runSuite(SuiteRunnerWorker.java:53)
at org.testng.SuiteRunnerWorker.run(SuiteRunnerWorker.java:96)
at org.testng.TestNG.runSuitesSequentially(TestNG.java:1180)
at org.testng.TestNG.runSuitesLocally(TestNG.java:1102)
at org.testng.TestNG.runSuites(TestNG.java:1032)
at org.testng.TestNG.run(TestNG.java:1000)
at org.testng.remote.AbstractRemoteTestNG.run(AbstractRemoteTestNG.java:115)
at org.testng.remote.RemoteTestNG.initAndRun(RemoteTestNG.java:251)
at org.testng.remote.RemoteTestNG.main(RemoteTestNG.java:77)
]]>
            </full-stacktrace>
          </exception> <!-- java.lang.NullPointerException -->
          <reporter-output>
          </reporter-output>
        </test-method> <!-- invalidWPNEngagement -->
        <test-method status="PASS" signature="invalidWPNEngagement(java.lang.String, java.lang.String, java.lang.String, java.lang.String, java.lang.String, java.lang.String, java.lang.String, java.lang.String, java.lang.String, java.lang.String, java.lang.String, java.lang.String, java.lang.String)[pri:0, instance:scripts.WPNEngagementTest@1e4a7dd4]" name="invalidWPNEngagement" duration-ms="32697" started-at="2020-08-26T00:53:58 IST" data-provider="getData" finished-at="2020-08-26T00:54:31 IST">
          <params>
            <param index="0">
              <value>
                <![CDATA[NoLabel]]>
              </value>
            </param>
            <param index="1">
              <value>
                <![CDATA[title goes here]]>
              </value>
            </param>
            <param index="2">
              <value>
                <![CDATA[message goes here]]>
              </value>
            </param>
            <param index="3">
              <value>
                <![CDATA[https://www.google.com]]>
              </value>
            </param>
            <param index="4">
              <value>
                <![CDATA[Prsonal Loan]]>
              </value>
            </param>
            <param index="5">
              <value>
                <![CDATA[text goes herer]]>
              </value>
            </param>
            <param index="6">
              <value>
                <![CDATA[https://www.google.com]]>
              </value>
            </param>
            <param index="7">
              <value>
                <![CDATA[fallbacktitle]]>
              </value>
            </param>
            <param index="8">
              <value>
                <![CDATA[fallbackmessage]]>
              </value>
            </param>
            <param index="9">
              <value>
                <![CDATA[https://www.google.com]]>
              </value>
            </param>
            <param index="10">
              <value>
                <![CDATA[On Trigger]]>
              </value>
            </param>
            <param index="11">
              <value>
                <![CDATA[Immediately]]>
              </value>
            </param>
            <param index="12">
              <value>
                <![CDATA[Please fill all the required fields]]>
              </value>
            </param>
          </params>
          <reporter-output>
          </reporter-output>
        </test-method> <!-- invalidWPNEngagement -->
        <test-method status="PASS" signature="invalidWPNEngagement(java.lang.String, java.lang.String, java.lang.String, java.lang.String, java.lang.String, java.lang.String, java.lang.String, java.lang.String, java.lang.String, java.lang.String, java.lang.String, java.lang.String, java.lang.String)[pri:0, instance:scripts.WPNEngagementTest@1e4a7dd4]" name="invalidWPNEngagement" duration-ms="37795" started-at="2020-08-26T00:54:31 IST" data-provider="getData" finished-at="2020-08-26T00:55:09 IST">
          <params>
            <param index="0">
              <value>
                <![CDATA[NoLabel]]>
              </value>
            </param>
            <param index="1">
              <value>
                <![CDATA[title goes here]]>
              </value>
            </param>
            <param index="2">
              <value>
                <![CDATA[message goes here]]>
              </value>
            </param>
            <param index="3">
              <value>
                <![CDATA[https://www.google.com]]>
              </value>
            </param>
            <param index="4">
              <value>
                <![CDATA[Prsonal Loan]]>
              </value>
            </param>
            <param index="5">
              <value>
                <![CDATA[text goes herer]]>
              </value>
            </param>
            <param index="6">
              <value>
                <![CDATA[https://www.google.com]]>
              </value>
            </param>
            <param index="7">
              <value>
                <![CDATA[fallbacktitle]]>
              </value>
            </param>
            <param index="8">
              <value>
                <![CDATA[fallbackmessage]]>
              </value>
            </param>
            <param index="9">
              <value>
                <![CDATA[https://www.google.com]]>
              </value>
            </param>
            <param index="10">
              <value>
                <![CDATA[On Trigger]]>
              </value>
            </param>
            <param index="11">
              <value>
                <![CDATA[Immediately]]>
              </value>
            </param>
            <param index="12">
              <value>
                <![CDATA[Please fill all the required fields]]>
              </value>
            </param>
          </params>
          <reporter-output>
          </reporter-output>
        </test-method> <!-- invalidWPNEngagement -->
        <test-method status="PASS" signature="invalidWPNEngagement(java.lang.String, java.lang.String, java.lang.String, java.lang.String, java.lang.String, java.lang.String, java.lang.String, java.lang.String, java.lang.String, java.lang.String, java.lang.String, java.lang.String, java.lang.String)[pri:0, instance:scripts.WPNEngagementTest@1e4a7dd4]" name="invalidWPNEngagement" duration-ms="33148" started-at="2020-08-26T00:55:09 IST" data-provider="getData" finished-at="2020-08-26T00:55:42 IST">
          <params>
            <param index="0">
              <value>
                <![CDATA[inValidSchedule]]>
              </value>
            </param>
            <param index="1">
              <value>
                <![CDATA[title goes here]]>
              </value>
            </param>
            <param index="2">
              <value>
                <![CDATA[message goes here]]>
              </value>
            </param>
            <param index="3">
              <value>
                <![CDATA[https://www.google.com]]>
              </value>
            </param>
            <param index="4">
              <value>
                <![CDATA[Personal Loan]]>
              </value>
            </param>
            <param index="5">
              <value>
                <![CDATA[text goes herer]]>
              </value>
            </param>
            <param index="6">
              <value>
                <![CDATA[https://www.google.com]]>
              </value>
            </param>
            <param index="7">
              <value>
                <![CDATA[fallbacktitle]]>
              </value>
            </param>
            <param index="8">
              <value>
                <![CDATA[fallbackmessage]]>
              </value>
            </param>
            <param index="9">
              <value>
                <![CDATA[https://www.google.com]]>
              </value>
            </param>
            <param index="10">
              <value>
                <![CDATA[On Trigger]]>
              </value>
            </param>
            <param index="11">
              <value>
                <![CDATA[Decide your own]]>
              </value>
            </param>
            <param index="12">
              <value>
                <![CDATA[`Decide you own time in minutes` field accepts values between 5 and 14400]]>
              </value>
            </param>
          </params>
          <reporter-output>
          </reporter-output>
        </test-method> <!-- invalidWPNEngagement -->
        <test-method status="PASS" signature="invalidWPNEngagement(java.lang.String, java.lang.String, java.lang.String, java.lang.String, java.lang.String, java.lang.String, java.lang.String, java.lang.String, java.lang.String, java.lang.String, java.lang.String, java.lang.String, java.lang.String)[pri:0, instance:scripts.WPNEngagementTest@1e4a7dd4]" name="invalidWPNEngagement" duration-ms="32054" started-at="2020-08-26T00:55:42 IST" data-provider="getData" finished-at="2020-08-26T00:56:14 IST">
          <params>
            <param index="0">
              <value>
                <![CDATA[validInput1]]>
              </value>
            </param>
            <param index="1">
              <value>
                <![CDATA[title goes here]]>
              </value>
            </param>
            <param index="2">
              <value>
                <![CDATA[message goes here]]>
              </value>
            </param>
            <param index="3">
              <value>
                <![CDATA[https://www.google.com]]>
              </value>
            </param>
            <param index="4">
              <value>
                <![CDATA[Personal Loan]]>
              </value>
            </param>
            <param index="5">
              <value>
                <![CDATA[text goes herer]]>
              </value>
            </param>
            <param index="6">
              <value>
                <![CDATA[https://www.google.com]]>
              </value>
            </param>
            <param index="7">
              <value>
                <![CDATA[fallbacktitle]]>
              </value>
            </param>
            <param index="8">
              <value>
                <![CDATA[fallbackmessage]]>
              </value>
            </param>
            <param index="9">
              <value>
                <![CDATA[https://www.google.com]]>
              </value>
            </param>
            <param index="10">
              <value>
                <![CDATA[On Trigger]]>
              </value>
            </param>
            <param index="11">
              <value>
                <![CDATA[Immediately]]>
              </value>
            </param>
            <param index="12">
              <value>
                <![CDATA[Engagement created Successfully]]>
              </value>
            </param>
          </params>
          <reporter-output>
          </reporter-output>
        </test-method> <!-- invalidWPNEngagement -->
        <test-method status="PASS" signature="invalidWPNEngagement(java.lang.String, java.lang.String, java.lang.String, java.lang.String, java.lang.String, java.lang.String, java.lang.String, java.lang.String, java.lang.String, java.lang.String, java.lang.String, java.lang.String, java.lang.String)[pri:0, instance:scripts.WPNEngagementTest@1e4a7dd4]" name="invalidWPNEngagement" duration-ms="31269" started-at="2020-08-26T00:56:14 IST" data-provider="getData" finished-at="2020-08-26T00:56:45 IST">
          <params>
            <param index="0">
              <value>
                <![CDATA[vallidinput2]]>
              </value>
            </param>
            <param index="1">
              <value>
                <![CDATA[title goes here]]>
              </value>
            </param>
            <param index="2">
              <value>
                <![CDATA[message goes here]]>
              </value>
            </param>
            <param index="3">
              <value>
                <![CDATA[https://www.google.com]]>
              </value>
            </param>
            <param index="4">
              <value>
                <![CDATA[Personal Loan]]>
              </value>
            </param>
            <param index="5">
              <value>
                <![CDATA[text goes herer]]>
              </value>
            </param>
            <param index="6">
              <value>
                <![CDATA[https://www.google.com]]>
              </value>
            </param>
            <param index="7">
              <value>
                <![CDATA[fallbacktitle]]>
              </value>
            </param>
            <param index="8">
              <value>
                <![CDATA[fallbackmessage]]>
              </value>
            </param>
            <param index="9">
              <value>
                <![CDATA[https://www.google.com]]>
              </value>
            </param>
            <param index="10">
              <value>
                <![CDATA[On Trigger]]>
              </value>
            </param>
            <param index="11">
              <value>
                <![CDATA[Immediately]]>
              </value>
            </param>
            <param index="12">
              <value>
                <![CDATA[Engagement created Successfully]]>
              </value>
            </param>
          </params>
          <reporter-output>
          </reporter-output>
        </test-method> <!-- invalidWPNEngagement -->
      </class> <!-- scripts.WPNEngagementTest -->
    </test> <!-- Test1 -->
  </suite> <!-- Suite -->
</testng-results>
