<?xml version="1.0" encoding="UTF-8"?>
<testng-results skipped="0" failed="2" ignored="4" total="15" passed="9">
  <reporter-output>
  </reporter-output>
  <suite name="Suite" duration-ms="648195" started-at="2020-08-31T22:16:30 IST" finished-at="2020-08-31T22:27:18 IST">
    <groups>
    </groups>
    <test name="Test" duration-ms="648195" started-at="2020-08-31T22:16:30 IST" finished-at="2020-08-31T22:27:18 IST">
      <class name="scripts.SegmentTest">
        <test-method status="PASS" signature="setUp(java.lang.String)[pri:0, instance:scripts.SegmentTest@3cc2931c]" name="setUp" is-config="true" duration-ms="14180" started-at="2020-08-31T22:16:30 IST" finished-at="2020-08-31T22:16:44 IST">
          <params>
            <param index="0">
              <value>
                <![CDATA[chrome]]>
              </value>
            </param>
          </params>
          <reporter-output>
          </reporter-output>
        </test-method> <!-- setUp -->
        <test-method status="PASS" signature="segmentPreCondtion(java.lang.String)[pri:0, instance:scripts.SegmentTest@3cc2931c]" name="segmentPreCondtion" is-config="true" duration-ms="171066" started-at="2020-08-31T22:16:44 IST" finished-at="2020-08-31T22:19:35 IST">
          <params>
            <param index="0">
              <value>
                <![CDATA[chrome]]>
              </value>
            </param>
          </params>
          <reporter-output>
          </reporter-output>
        </test-method> <!-- segmentPreCondtion -->
        <test-method status="PASS" signature="stopAutomate()[pri:0, instance:scripts.SegmentTest@3cc2931c]" name="stopAutomate" is-config="true" duration-ms="0" started-at="2020-08-31T22:19:35 IST" finished-at="2020-08-31T22:19:35 IST">
          <reporter-output>
          </reporter-output>
        </test-method> <!-- stopAutomate -->
        <test-method status="PASS" signature="segmentCreationTest()[pri:1, instance:scripts.SegmentTest@3cc2931c]" name="segmentCreationTest" duration-ms="31516" started-at="2020-08-31T22:19:35 IST" finished-at="2020-08-31T22:20:06 IST">
          <reporter-output>
          </reporter-output>
        </test-method> <!-- segmentCreationTest -->
        <test-method status="PASS" signature="stopAutomate()[pri:0, instance:scripts.SegmentTest@3cc2931c]" name="stopAutomate" is-config="true" duration-ms="0" started-at="2020-08-31T22:20:07 IST" finished-at="2020-08-31T22:20:07 IST">
          <reporter-output>
          </reporter-output>
        </test-method> <!-- stopAutomate -->
        <test-method status="PASS" signature="editSegmentTest()[pri:2, instance:scripts.SegmentTest@3cc2931c]" name="editSegmentTest" duration-ms="24771" started-at="2020-08-31T22:20:07 IST" finished-at="2020-08-31T22:20:32 IST">
          <reporter-output>
          </reporter-output>
        </test-method> <!-- editSegmentTest -->
      </class> <!-- scripts.SegmentTest -->
      <class name="scripts.WPNEngagementTest">
        <test-method status="PASS" signature="setUp(java.lang.String)[pri:0, instance:scripts.WPNEngagementTest@20d28811]" name="setUp" is-config="true" duration-ms="14180" started-at="2020-08-31T22:16:30 IST" finished-at="2020-08-31T22:16:44 IST">
          <params>
            <param index="0">
              <value>
                <![CDATA[chrome]]>
              </value>
            </param>
          </params>
          <reporter-output>
          </reporter-output>
        </test-method> <!-- setUp -->
        <test-method status="PASS" signature="instances(java.lang.String)[pri:0, instance:scripts.WPNEngagementTest@20d28811]" name="instances" is-config="true" duration-ms="192025" started-at="2020-08-31T22:16:44 IST" finished-at="2020-08-31T22:19:56 IST">
          <params>
            <param index="0">
              <value>
                <![CDATA[chrome]]>
              </value>
            </param>
          </params>
          <reporter-output>
          </reporter-output>
        </test-method> <!-- instances -->
        <test-method status="PASS" signature="invalidWPNEngagement(java.lang.String, java.lang.String, java.lang.String, java.lang.String, java.lang.String, java.lang.String, java.lang.String, java.lang.String, java.lang.String, java.lang.String, java.lang.String, java.lang.String, java.lang.String)[pri:0, instance:scripts.WPNEngagementTest@20d28811]" name="invalidWPNEngagement" duration-ms="57882" started-at="2020-08-31T22:20:49 IST" data-provider="getData" finished-at="2020-08-31T22:21:47 IST">
          <params>
            <param index="0">
              <value>
                <![CDATA[engagement3]]>
              </value>
            </param>
            <param index="1">
              <value>
                <![CDATA[<input onselect=alert(1) value="XSS" autofocus>]]>
              </value>
            </param>
            <param index="2">
              <value>
                <![CDATA[<input onselect=alert(1) value="XSS" autofocus>]]>
              </value>
            </param>
            <param index="3">
              <value>
                <![CDATA[https://www.google.com]]>
              </value>
            </param>
            <param index="4">
              <value>
                <![CDATA[Personal Loan]]>
              </value>
            </param>
            <param index="5">
              <value>
                <![CDATA[<input onselect=alert(1) value="XSS" autofocus>]]>
              </value>
            </param>
            <param index="6">
              <value>
                <![CDATA[https://www.google.com]]>
              </value>
            </param>
            <param index="7">
              <value>
                <![CDATA[<input onselect=alert(1) value="XSS" autofocus>]]>
              </value>
            </param>
            <param index="8">
              <value>
                <![CDATA[<input onselect=alert(1) value="XSS" autofocus>]]>
              </value>
            </param>
            <param index="9">
              <value>
                <![CDATA[https://www.google.com]]>
              </value>
            </param>
            <param index="10">
              <value>
                <![CDATA[On Trigger]]>
              </value>
            </param>
            <param index="11">
              <value>
                <![CDATA[Immediately]]>
              </value>
            </param>
            <param index="12">
              <value>
                <![CDATA[Insecure content detected. Please verify and try again.]]>
              </value>
            </param>
          </params>
          <reporter-output>
          </reporter-output>
        </test-method> <!-- invalidWPNEngagement -->
        <test-method status="PASS" signature="stopAutomate()[pri:0, instance:scripts.WPNEngagementTest@20d28811]" name="stopAutomate" is-config="true" duration-ms="0" started-at="2020-08-31T22:20:49 IST" finished-at="2020-08-31T22:20:49 IST">
          <reporter-output>
          </reporter-output>
        </test-method> <!-- stopAutomate -->
        <test-method status="PASS" signature="stopAutomate()[pri:0, instance:scripts.WPNEngagementTest@20d28811]" name="stopAutomate" is-config="true" duration-ms="0" started-at="2020-08-31T22:21:50 IST" finished-at="2020-08-31T22:21:50 IST">
          <reporter-output>
          </reporter-output>
        </test-method> <!-- stopAutomate -->
        <test-method status="PASS" signature="invalidWPNEngagement(java.lang.String, java.lang.String, java.lang.String, java.lang.String, java.lang.String, java.lang.String, java.lang.String, java.lang.String, java.lang.String, java.lang.String, java.lang.String, java.lang.String, java.lang.String)[pri:0, instance:scripts.WPNEngagementTest@20d28811]" name="invalidWPNEngagement" duration-ms="50945" started-at="2020-08-31T22:21:50 IST" data-provider="getData" finished-at="2020-08-31T22:22:41 IST">
          <params>
            <param index="0">
              <value>
                <![CDATA[engagement4]]>
              </value>
            </param>
            <param index="1">
              <value>
                <![CDATA[<audio autoplay controls onseeking=alert(1)><source src="validaudio.wav" type="audio/wav"></audio>]]>
              </value>
            </param>
            <param index="2">
              <value>
                <![CDATA[<audio autoplay controls onseeking=alert(1)><source src="validaudio.wav" type="audio/wav"></audio>]]>
              </value>
            </param>
            <param index="3">
              <value>
                <![CDATA[https://www.google.com]]>
              </value>
            </param>
            <param index="4">
              <value>
                <![CDATA[Personal Loan]]>
              </value>
            </param>
            <param index="5">
              <value>
                <![CDATA[<audio autoplay controls onseeking=alert(1)><source src="validaudio.wav" type="audio/wav"></audio>]]>
              </value>
            </param>
            <param index="6">
              <value>
                <![CDATA[https://www.google.com]]>
              </value>
            </param>
            <param index="7">
              <value>
                <![CDATA[<audio autoplay controls onseeking=alert(1)><source src="validaudio.wav" type="audio/wav"></audio>]]>
              </value>
            </param>
            <param index="8">
              <value>
                <![CDATA[<audio autoplay controls onseeking=alert(1)><source src="validaudio.wav" type="audio/wav"></audio>]]>
              </value>
            </param>
            <param index="9">
              <value>
                <![CDATA[https://www.google.com]]>
              </value>
            </param>
            <param index="10">
              <value>
                <![CDATA[On Trigger]]>
              </value>
            </param>
            <param index="11">
              <value>
                <![CDATA[Immediately]]>
              </value>
            </param>
            <param index="12">
              <value>
                <![CDATA[Insecure content detected. Please verify and try again.]]>
              </value>
            </param>
          </params>
          <reporter-output>
          </reporter-output>
        </test-method> <!-- invalidWPNEngagement -->
        <test-method status="PASS" signature="stopAutomate()[pri:0, instance:scripts.WPNEngagementTest@20d28811]" name="stopAutomate" is-config="true" duration-ms="1" started-at="2020-08-31T22:22:41 IST" finished-at="2020-08-31T22:22:41 IST">
          <reporter-output>
          </reporter-output>
        </test-method> <!-- stopAutomate -->
        <test-method status="FAIL" signature="invalidWPNEngagement(java.lang.String, java.lang.String, java.lang.String, java.lang.String, java.lang.String, java.lang.String, java.lang.String, java.lang.String, java.lang.String, java.lang.String, java.lang.String, java.lang.String, java.lang.String)[pri:0, instance:scripts.WPNEngagementTest@20d28811]" name="invalidWPNEngagement" duration-ms="47299" started-at="2020-08-31T22:22:41 IST" data-provider="getData" finished-at="2020-08-31T22:23:28 IST">
          <params>
            <param index="0">
              <value>
                <![CDATA[engagement5]]>
              </value>
            </param>
            <param index="1">
              <value>
                <![CDATA[<script>'alert\x281\x29'instanceof{[Symbol.hasInstance]:eval}</script>]]>
              </value>
            </param>
            <param index="2">
              <value>
                <![CDATA[<script>'alert\x281\x29'instanceof{[Symbol.hasInstance]:eval}</script>]]>
              </value>
            </param>
            <param index="3">
              <value>
                <![CDATA[https://www.google.com]]>
              </value>
            </param>
            <param index="4">
              <value>
                <![CDATA[Personal Loan]]>
              </value>
            </param>
            <param index="5">
              <value>
                <![CDATA[<script>'alert\x281\x29'instanceof{[Symbol.hasInstance]:eval}</script>]]>
              </value>
            </param>
            <param index="6">
              <value>
                <![CDATA[https://www.google.com]]>
              </value>
            </param>
            <param index="7">
              <value>
                <![CDATA[<script>'alert\x281\x29'instanceof{[Symbol.hasInstance]:eval}</script>]]>
              </value>
            </param>
            <param index="8">
              <value>
                <![CDATA[<script>'alert\x281\x29'instanceof{[Symbol.hasInstance]:eval}</script>]]>
              </value>
            </param>
            <param index="9">
              <value>
                <![CDATA[https://www.google.com]]>
              </value>
            </param>
            <param index="10">
              <value>
                <![CDATA[On Trigger]]>
              </value>
            </param>
            <param index="11">
              <value>
                <![CDATA[Immediately]]>
              </value>
            </param>
            <param index="12">
              <value>
                <![CDATA[Insecure content detected. Please verify and try again.]]>
              </value>
            </param>
          </params>
          <exception class="java.lang.AssertionError">
            <message>
              <![CDATA[did not expect to find [true] but found [false]]]>
            </message>
            <full-stacktrace>
              <![CDATA[java.lang.AssertionError: did not expect to find [true] but found [false]
at org.testng.Assert.fail(Assert.java:97)
at org.testng.Assert.failNotEquals(Assert.java:969)
at org.testng.Assert.assertTrue(Assert.java:43)
at org.testng.Assert.assertTrue(Assert.java:53)
at scripts.WPNEngagementTest.verification(WPNEngagementTest.java:255)
at scripts.WPNEngagementTest.invalidWPNEngagement(WPNEngagementTest.java:147)
at sun.reflect.NativeMethodAccessorImpl.invoke0(Native Method)
at sun.reflect.NativeMethodAccessorImpl.invoke(NativeMethodAccessorImpl.java:62)
at sun.reflect.DelegatingMethodAccessorImpl.invoke(DelegatingMethodAccessorImpl.java:43)
at java.lang.reflect.Method.invoke(Method.java:498)
at org.testng.internal.MethodInvocationHelper.invokeMethod(MethodInvocationHelper.java:133)
at org.testng.internal.TestInvoker.invokeMethod(TestInvoker.java:584)
at org.testng.internal.TestInvoker.invokeTestMethod(TestInvoker.java:172)
at org.testng.internal.MethodRunner.runInSequence(MethodRunner.java:46)
at org.testng.internal.TestInvoker$MethodInvocationAgent.invoke(TestInvoker.java:804)
at org.testng.internal.TestInvoker.invokeTestMethods(TestInvoker.java:145)
at org.testng.internal.TestMethodWorker.invokeTestMethods(TestMethodWorker.java:146)
at org.testng.internal.TestMethodWorker.run(TestMethodWorker.java:128)
at java.util.concurrent.ThreadPoolExecutor.runWorker(ThreadPoolExecutor.java:1149)
at java.util.concurrent.ThreadPoolExecutor$Worker.run(ThreadPoolExecutor.java:624)
at java.lang.Thread.run(Thread.java:748)
]]>
            </full-stacktrace>
          </exception> <!-- java.lang.AssertionError -->
          <reporter-output>
          </reporter-output>
        </test-method> <!-- invalidWPNEngagement -->
        <test-method status="PASS" signature="stopAutomate()[pri:0, instance:scripts.WPNEngagementTest@20d28811]" name="stopAutomate" is-config="true" duration-ms="1" started-at="2020-08-31T22:23:29 IST" finished-at="2020-08-31T22:23:29 IST">
          <reporter-output>
          </reporter-output>
        </test-method> <!-- stopAutomate -->
        <test-method status="FAIL" signature="invalidWPNEngagement(java.lang.String, java.lang.String, java.lang.String, java.lang.String, java.lang.String, java.lang.String, java.lang.String, java.lang.String, java.lang.String, java.lang.String, java.lang.String, java.lang.String, java.lang.String)[pri:0, instance:scripts.WPNEngagementTest@20d28811]" name="invalidWPNEngagement" duration-ms="44925" started-at="2020-08-31T22:23:29 IST" data-provider="getData" finished-at="2020-08-31T22:24:14 IST">
          <params>
            <param index="0">
              <value>
                <![CDATA[engagement6]]>
              </value>
            </param>
            <param index="1">
              <value>
                <![CDATA[<script>location='javascript:alert\x281\x29'</script>]]>
              </value>
            </param>
            <param index="2">
              <value>
                <![CDATA[<script>location='javascript:alert\x281\x29'</script>]]>
              </value>
            </param>
            <param index="3">
              <value>
                <![CDATA[https://www.google.com]]>
              </value>
            </param>
            <param index="4">
              <value>
                <![CDATA[Personal Loan]]>
              </value>
            </param>
            <param index="5">
              <value>
                <![CDATA[<script>location='javascript:alert\x281\x29'</script>]]>
              </value>
            </param>
            <param index="6">
              <value>
                <![CDATA[https://www.google.com]]>
              </value>
            </param>
            <param index="7">
              <value>
                <![CDATA[<script>location='javascript:alert\x281\x29'</script>]]>
              </value>
            </param>
            <param index="8">
              <value>
                <![CDATA[<script>location='javascript:alert\x281\x29'</script>]]>
              </value>
            </param>
            <param index="9">
              <value>
                <![CDATA[https://www.google.com]]>
              </value>
            </param>
            <param index="10">
              <value>
                <![CDATA[On Trigger]]>
              </value>
            </param>
            <param index="11">
              <value>
                <![CDATA[Immediately]]>
              </value>
            </param>
            <param index="12">
              <value>
                <![CDATA[Insecure content detected. Please verify and try again.]]>
              </value>
            </param>
          </params>
          <exception class="java.lang.AssertionError">
            <message>
              <![CDATA[did not expect to find [true] but found [false]]]>
            </message>
            <full-stacktrace>
              <![CDATA[java.lang.AssertionError: did not expect to find [true] but found [false]
at org.testng.Assert.fail(Assert.java:97)
at org.testng.Assert.failNotEquals(Assert.java:969)
at org.testng.Assert.assertTrue(Assert.java:43)
at org.testng.Assert.assertTrue(Assert.java:53)
at scripts.WPNEngagementTest.verification(WPNEngagementTest.java:255)
at scripts.WPNEngagementTest.invalidWPNEngagement(WPNEngagementTest.java:147)
at sun.reflect.NativeMethodAccessorImpl.invoke0(Native Method)
at sun.reflect.NativeMethodAccessorImpl.invoke(NativeMethodAccessorImpl.java:62)
at sun.reflect.DelegatingMethodAccessorImpl.invoke(DelegatingMethodAccessorImpl.java:43)
at java.lang.reflect.Method.invoke(Method.java:498)
at org.testng.internal.MethodInvocationHelper.invokeMethod(MethodInvocationHelper.java:133)
at org.testng.internal.TestInvoker.invokeMethod(TestInvoker.java:584)
at org.testng.internal.TestInvoker.invokeTestMethod(TestInvoker.java:172)
at org.testng.internal.MethodRunner.runInSequence(MethodRunner.java:46)
at org.testng.internal.TestInvoker$MethodInvocationAgent.invoke(TestInvoker.java:804)
at org.testng.internal.TestInvoker.invokeTestMethods(TestInvoker.java:145)
at org.testng.internal.TestMethodWorker.invokeTestMethods(TestMethodWorker.java:146)
at org.testng.internal.TestMethodWorker.run(TestMethodWorker.java:128)
at java.util.concurrent.ThreadPoolExecutor.runWorker(ThreadPoolExecutor.java:1149)
at java.util.concurrent.ThreadPoolExecutor$Worker.run(ThreadPoolExecutor.java:624)
at java.lang.Thread.run(Thread.java:748)
]]>
            </full-stacktrace>
          </exception> <!-- java.lang.AssertionError -->
          <reporter-output>
          </reporter-output>
        </test-method> <!-- invalidWPNEngagement -->
        <test-method status="PASS" signature="stopAutomate()[pri:0, instance:scripts.WPNEngagementTest@20d28811]" name="stopAutomate" is-config="true" duration-ms="0" started-at="2020-08-31T22:24:14 IST" finished-at="2020-08-31T22:24:14 IST">
          <reporter-output>
          </reporter-output>
        </test-method> <!-- stopAutomate -->
        <test-method status="PASS" signature="invalidWPNEngagement(java.lang.String, java.lang.String, java.lang.String, java.lang.String, java.lang.String, java.lang.String, java.lang.String, java.lang.String, java.lang.String, java.lang.String, java.lang.String, java.lang.String, java.lang.String)[pri:0, instance:scripts.WPNEngagementTest@20d28811]" name="invalidWPNEngagement" duration-ms="43781" started-at="2020-08-31T22:24:14 IST" data-provider="getData" finished-at="2020-08-31T22:24:58 IST">
          <params>
            <param index="0">
              <value>
                <![CDATA[NoLabel]]>
              </value>
            </param>
            <param index="1">
              <value>
                <![CDATA[title goes here]]>
              </value>
            </param>
            <param index="2">
              <value>
                <![CDATA[message goes here]]>
              </value>
            </param>
            <param index="3">
              <value>
                <![CDATA[https://www.google.com]]>
              </value>
            </param>
            <param index="4">
              <value>
                <![CDATA[Prsonal Loan]]>
              </value>
            </param>
            <param index="5">
              <value>
                <![CDATA[text goes herer]]>
              </value>
            </param>
            <param index="6">
              <value>
                <![CDATA[https://www.google.com]]>
              </value>
            </param>
            <param index="7">
              <value>
                <![CDATA[fallbacktitle]]>
              </value>
            </param>
            <param index="8">
              <value>
                <![CDATA[fallbackmessage]]>
              </value>
            </param>
            <param index="9">
              <value>
                <![CDATA[https://www.google.com]]>
              </value>
            </param>
            <param index="10">
              <value>
                <![CDATA[On Trigger]]>
              </value>
            </param>
            <param index="11">
              <value>
                <![CDATA[Immediately]]>
              </value>
            </param>
            <param index="12">
              <value>
                <![CDATA[Please fill all the required fields]]>
              </value>
            </param>
          </params>
          <reporter-output>
          </reporter-output>
        </test-method> <!-- invalidWPNEngagement -->
        <test-method status="PASS" signature="stopAutomate()[pri:0, instance:scripts.WPNEngagementTest@20d28811]" name="stopAutomate" is-config="true" duration-ms="0" started-at="2020-08-31T22:24:58 IST" finished-at="2020-08-31T22:24:58 IST">
          <reporter-output>
          </reporter-output>
        </test-method> <!-- stopAutomate -->
        <test-method status="PASS" signature="invalidWPNEngagement(java.lang.String, java.lang.String, java.lang.String, java.lang.String, java.lang.String, java.lang.String, java.lang.String, java.lang.String, java.lang.String, java.lang.String, java.lang.String, java.lang.String, java.lang.String)[pri:0, instance:scripts.WPNEngagementTest@20d28811]" name="invalidWPNEngagement" duration-ms="35449" started-at="2020-08-31T22:24:58 IST" data-provider="getData" finished-at="2020-08-31T22:25:34 IST">
          <params>
            <param index="0">
              <value>
                <![CDATA[NoLabel]]>
              </value>
            </param>
            <param index="1">
              <value>
                <![CDATA[title goes here]]>
              </value>
            </param>
            <param index="2">
              <value>
                <![CDATA[message goes here]]>
              </value>
            </param>
            <param index="3">
              <value>
                <![CDATA[https://www.google.com]]>
              </value>
            </param>
            <param index="4">
              <value>
                <![CDATA[Prsonal Loan]]>
              </value>
            </param>
            <param index="5">
              <value>
                <![CDATA[text goes herer]]>
              </value>
            </param>
            <param index="6">
              <value>
                <![CDATA[https://www.google.com]]>
              </value>
            </param>
            <param index="7">
              <value>
                <![CDATA[fallbacktitle]]>
              </value>
            </param>
            <param index="8">
              <value>
                <![CDATA[fallbackmessage]]>
              </value>
            </param>
            <param index="9">
              <value>
                <![CDATA[https://www.google.com]]>
              </value>
            </param>
            <param index="10">
              <value>
                <![CDATA[On Trigger]]>
              </value>
            </param>
            <param index="11">
              <value>
                <![CDATA[Immediately]]>
              </value>
            </param>
            <param index="12">
              <value>
                <![CDATA[Please fill all the required fields]]>
              </value>
            </param>
          </params>
          <reporter-output>
          </reporter-output>
        </test-method> <!-- invalidWPNEngagement -->
        <test-method status="PASS" signature="stopAutomate()[pri:0, instance:scripts.WPNEngagementTest@20d28811]" name="stopAutomate" is-config="true" duration-ms="0" started-at="2020-08-31T22:25:34 IST" finished-at="2020-08-31T22:25:34 IST">
          <reporter-output>
          </reporter-output>
        </test-method> <!-- stopAutomate -->
        <test-method status="PASS" signature="invalidWPNEngagement(java.lang.String, java.lang.String, java.lang.String, java.lang.String, java.lang.String, java.lang.String, java.lang.String, java.lang.String, java.lang.String, java.lang.String, java.lang.String, java.lang.String, java.lang.String)[pri:0, instance:scripts.WPNEngagementTest@20d28811]" name="invalidWPNEngagement" duration-ms="32588" started-at="2020-08-31T22:25:34 IST" data-provider="getData" finished-at="2020-08-31T22:26:06 IST">
          <params>
            <param index="0">
              <value>
                <![CDATA[inValidSchedule]]>
              </value>
            </param>
            <param index="1">
              <value>
                <![CDATA[title goes here]]>
              </value>
            </param>
            <param index="2">
              <value>
                <![CDATA[message goes here]]>
              </value>
            </param>
            <param index="3">
              <value>
                <![CDATA[https://www.google.com]]>
              </value>
            </param>
            <param index="4">
              <value>
                <![CDATA[Personal Loan]]>
              </value>
            </param>
            <param index="5">
              <value>
                <![CDATA[text goes herer]]>
              </value>
            </param>
            <param index="6">
              <value>
                <![CDATA[https://www.google.com]]>
              </value>
            </param>
            <param index="7">
              <value>
                <![CDATA[fallbacktitle]]>
              </value>
            </param>
            <param index="8">
              <value>
                <![CDATA[fallbackmessage]]>
              </value>
            </param>
            <param index="9">
              <value>
                <![CDATA[https://www.google.com]]>
              </value>
            </param>
            <param index="10">
              <value>
                <![CDATA[On Trigger]]>
              </value>
            </param>
            <param index="11">
              <value>
                <![CDATA[Decide your own]]>
              </value>
            </param>
            <param index="12">
              <value>
                <![CDATA[`Decide you own time in minutes` field accepts values between 5 and 14400]]>
              </value>
            </param>
          </params>
          <reporter-output>
          </reporter-output>
        </test-method> <!-- invalidWPNEngagement -->
        <test-method status="PASS" signature="stopAutomate()[pri:0, instance:scripts.WPNEngagementTest@20d28811]" name="stopAutomate" is-config="true" duration-ms="0" started-at="2020-08-31T22:26:06 IST" finished-at="2020-08-31T22:26:06 IST">
          <reporter-output>
          </reporter-output>
        </test-method> <!-- stopAutomate -->
        <test-method status="PASS" signature="invalidWPNEngagement(java.lang.String, java.lang.String, java.lang.String, java.lang.String, java.lang.String, java.lang.String, java.lang.String, java.lang.String, java.lang.String, java.lang.String, java.lang.String, java.lang.String, java.lang.String)[pri:0, instance:scripts.WPNEngagementTest@20d28811]" name="invalidWPNEngagement" duration-ms="35794" started-at="2020-08-31T22:26:06 IST" data-provider="getData" finished-at="2020-08-31T22:26:42 IST">
          <params>
            <param index="0">
              <value>
                <![CDATA[validInput1]]>
              </value>
            </param>
            <param index="1">
              <value>
                <![CDATA[title goes here]]>
              </value>
            </param>
            <param index="2">
              <value>
                <![CDATA[message goes here]]>
              </value>
            </param>
            <param index="3">
              <value>
                <![CDATA[https://www.google.com]]>
              </value>
            </param>
            <param index="4">
              <value>
                <![CDATA[Personal Loan]]>
              </value>
            </param>
            <param index="5">
              <value>
                <![CDATA[text goes herer]]>
              </value>
            </param>
            <param index="6">
              <value>
                <![CDATA[https://www.google.com]]>
              </value>
            </param>
            <param index="7">
              <value>
                <![CDATA[fallbacktitle]]>
              </value>
            </param>
            <param index="8">
              <value>
                <![CDATA[fallbackmessage]]>
              </value>
            </param>
            <param index="9">
              <value>
                <![CDATA[https://www.google.com]]>
              </value>
            </param>
            <param index="10">
              <value>
                <![CDATA[On Trigger]]>
              </value>
            </param>
            <param index="11">
              <value>
                <![CDATA[Immediately]]>
              </value>
            </param>
            <param index="12">
              <value>
                <![CDATA[Engagement created Successfully]]>
              </value>
            </param>
          </params>
          <reporter-output>
          </reporter-output>
        </test-method> <!-- invalidWPNEngagement -->
        <test-method status="PASS" signature="invalidWPNEngagement(java.lang.String, java.lang.String, java.lang.String, java.lang.String, java.lang.String, java.lang.String, java.lang.String, java.lang.String, java.lang.String, java.lang.String, java.lang.String, java.lang.String, java.lang.String)[pri:0, instance:scripts.WPNEngagementTest@20d28811]" name="invalidWPNEngagement" duration-ms="35213" started-at="2020-08-31T22:26:42 IST" data-provider="getData" finished-at="2020-08-31T22:27:17 IST">
          <params>
            <param index="0">
              <value>
                <![CDATA[vallidinput2]]>
              </value>
            </param>
            <param index="1">
              <value>
                <![CDATA[title goes here]]>
              </value>
            </param>
            <param index="2">
              <value>
                <![CDATA[message goes here]]>
              </value>
            </param>
            <param index="3">
              <value>
                <![CDATA[https://www.google.com]]>
              </value>
            </param>
            <param index="4">
              <value>
                <![CDATA[Personal Loan]]>
              </value>
            </param>
            <param index="5">
              <value>
                <![CDATA[text goes herer]]>
              </value>
            </param>
            <param index="6">
              <value>
                <![CDATA[https://www.google.com]]>
              </value>
            </param>
            <param index="7">
              <value>
                <![CDATA[fallbacktitle]]>
              </value>
            </param>
            <param index="8">
              <value>
                <![CDATA[fallbackmessage]]>
              </value>
            </param>
            <param index="9">
              <value>
                <![CDATA[https://www.google.com]]>
              </value>
            </param>
            <param index="10">
              <value>
                <![CDATA[On Trigger]]>
              </value>
            </param>
            <param index="11">
              <value>
                <![CDATA[Immediately]]>
              </value>
            </param>
            <param index="12">
              <value>
                <![CDATA[Engagement created Successfully]]>
              </value>
            </param>
          </params>
          <reporter-output>
          </reporter-output>
        </test-method> <!-- invalidWPNEngagement -->
        <test-method status="PASS" signature="stopAutomate()[pri:0, instance:scripts.WPNEngagementTest@20d28811]" name="stopAutomate" is-config="true" duration-ms="0" started-at="2020-08-31T22:26:42 IST" finished-at="2020-08-31T22:26:42 IST">
          <reporter-output>
          </reporter-output>
        </test-method> <!-- stopAutomate -->
      </class> <!-- scripts.WPNEngagementTest -->
    </test> <!-- Test -->
  </suite> <!-- Suite -->
</testng-results>
