<?xml version="1.0" encoding="UTF-8"?>
<!-- Generated by org.testng.reporters.JUnitXMLReporter -->
<testsuite hostname="fayazahamed" ignored="4" name="Test" tests="11" failures="2" timestamp="2020-08-31T22:27:21 IST" time="648.195" errors="0">
  <testcase name="segmentCreationTest" time="31.516" classname="scripts.SegmentTest"/>
  <testcase name="editSegmentTest" time="24.771" classname="scripts.SegmentTest"/>
  <testcase name="invalidWPNEngagement" time="57.882" classname="scripts.WPNEngagementTest"/>
  <testcase name="invalidWPNEngagement" time="50.945" classname="scripts.WPNEngagementTest"/>
  <testcase name="invalidWPNEngagement" time="47.299" classname="scripts.WPNEngagementTest">
    <failure type="java.lang.AssertionError" message="did not expect to find [true] but found [false]">
      <![CDATA[java.lang.AssertionError: did not expect to find [true] but found [false]
at scripts.WPNEngagementTest.verification(WPNEngagementTest.java:255)
at scripts.WPNEngagementTest.invalidWPNEngagement(WPNEngagementTest.java:147)
at java.util.concurrent.ThreadPoolExecutor.runWorker(ThreadPoolExecutor.java:1149)
at java.util.concurrent.ThreadPoolExecutor$Worker.run(ThreadPoolExecutor.java:624)
at java.lang.Thread.run(Thread.java:748)
... Removed 16 stack frames]]>
    </failure>
  </testcase> <!-- invalidWPNEngagement -->
  <testcase name="invalidWPNEngagement" time="44.925" classname="scripts.WPNEngagementTest">
    <failure type="java.lang.AssertionError" message="did not expect to find [true] but found [false]">
      <![CDATA[java.lang.AssertionError: did not expect to find [true] but found [false]
at scripts.WPNEngagementTest.verification(WPNEngagementTest.java:255)
at scripts.WPNEngagementTest.invalidWPNEngagement(WPNEngagementTest.java:147)
at java.util.concurrent.ThreadPoolExecutor.runWorker(ThreadPoolExecutor.java:1149)
at java.util.concurrent.ThreadPoolExecutor$Worker.run(ThreadPoolExecutor.java:624)
at java.lang.Thread.run(Thread.java:748)
... Removed 16 stack frames]]>
    </failure>
  </testcase> <!-- invalidWPNEngagement -->
  <testcase name="invalidWPNEngagement" time="43.781" classname="scripts.WPNEngagementTest"/>
  <testcase name="invalidWPNEngagement" time="35.449" classname="scripts.WPNEngagementTest"/>
  <testcase name="invalidWPNEngagement" time="32.588" classname="scripts.WPNEngagementTest"/>
  <testcase name="invalidWPNEngagement" time="35.794" classname="scripts.WPNEngagementTest"/>
  <testcase name="invalidWPNEngagement" time="35.213" classname="scripts.WPNEngagementTest"/>
  <testcase name="archieveSegmentTest" time="0.0" classname="scripts.SegmentTest">
    <ignored/>
  </testcase> <!-- archieveSegmentTest -->
  <testcase name="duplicateSegmentTest" time="0.0" classname="scripts.SegmentTest">
    <ignored/>
  </testcase> <!-- duplicateSegmentTest -->
  <testcase name="validInputWPNEngagement" time="0.0" classname="scripts.WPNEngagementTest">
    <ignored/>
  </testcase> <!-- validInputWPNEngagement -->
  <testcase name="unarchiveSegmentTest" time="0.0" classname="scripts.SegmentTest">
    <ignored/>
  </testcase> <!-- unarchiveSegmentTest -->
</testsuite> <!-- Test -->
