<?xml version="1.0" encoding="UTF-8"?>
<!-- Generated by org.testng.reporters.JUnitXMLReporter -->
<testsuite hostname="fayazahamed" ignored="1" name="Test1" tests="9" failures="2" timestamp="2020-08-26T00:56:52 IST" time="589.799" errors="0">
  <testcase name="invalidWPNEngagement" time="68.74" classname="scripts.WPNEngagementTest"/>
  <testcase name="invalidWPNEngagement" time="50.828" classname="scripts.WPNEngagementTest"/>
  <testcase name="invalidWPNEngagement" time="41.38" classname="scripts.WPNEngagementTest">
    <failure type="java.lang.NullPointerException">
      <![CDATA[java.lang.NullPointerException
at scripts.BaseTest.captureScreen(BaseTest.java:135)
at scripts.WPNEngagementTest.verification(WPNEngagementTest.java:244)
at scripts.WPNEngagementTest.invalidWPNEngagement(WPNEngagementTest.java:138)
at java.util.ArrayList.forEach(ArrayList.java:1257)
... Removed 27 stack frames]]>
    </failure>
  </testcase> <!-- invalidWPNEngagement -->
  <testcase name="invalidWPNEngagement" time="36.329" classname="scripts.WPNEngagementTest">
    <failure type="java.lang.NullPointerException">
      <![CDATA[java.lang.NullPointerException
at scripts.BaseTest.captureScreen(BaseTest.java:135)
at scripts.WPNEngagementTest.verification(WPNEngagementTest.java:244)
at scripts.WPNEngagementTest.invalidWPNEngagement(WPNEngagementTest.java:138)
at java.util.ArrayList.forEach(ArrayList.java:1257)
... Removed 27 stack frames]]>
    </failure>
  </testcase> <!-- invalidWPNEngagement -->
  <testcase name="invalidWPNEngagement" time="32.697" classname="scripts.WPNEngagementTest"/>
  <testcase name="invalidWPNEngagement" time="37.795" classname="scripts.WPNEngagementTest"/>
  <testcase name="invalidWPNEngagement" time="33.148" classname="scripts.WPNEngagementTest"/>
  <testcase name="invalidWPNEngagement" time="32.054" classname="scripts.WPNEngagementTest"/>
  <testcase name="invalidWPNEngagement" time="31.269" classname="scripts.WPNEngagementTest"/>
  <testcase name="validInputWPNEngagement" time="0.0" classname="scripts.WPNEngagementTest">
    <ignored/>
  </testcase> <!-- validInputWPNEngagement -->
</testsuite> <!-- Test1 -->
