<?xml version="1.0" encoding="UTF-8"?>
<!-- Generated by org.testng.reporters.JUnitXMLReporter -->
<testsuite hostname="fayazahamed" ignored="0" name="Test2" tests="2" failures="0" timestamp="2020-08-25T07:14:29 IST" time="52.682" errors="0">
  <testcase name="validInputWPNEngagement" time="0.0" classname="scripts.WPNEngagementTest">
    <skipped/>
  </testcase> <!-- validInputWPNEngagement -->
  <testcase name="validInputWPNEngagement" time="0.0" classname="scripts.WPNEngagementTest">
    <skipped/>
  </testcase> <!-- validInputWPNEngagement -->
</testsuite> <!-- Test2 -->
